[12:47:21.511 I] Crash handler installed
[12:47:21.566 I] Loading config file: /home/pluck/.config/openmw/openmw.cfg
[12:47:21.582 I] Loading config file: /etc/openmw/openmw.cfg
[12:47:21.593 I] OpenMW version 0.47.0
[12:47:21.593 I] Using default (English) font encoding.
[12:47:21.596 I] OSG version: 3.6.5
[12:47:21.596 I] SDL version: 2.30.0
[12:47:21.599 I] Loading settings file: /etc/openmw/defaults.bin
[12:47:21.601 I] Loading settings file: /home/pluck/.config/openmw/settings.cfg
[12:47:21.825 I] Adding BSA archive /home/pluck/Documents/Morrowind/Morrowind/Data Files/Morrowind.bsa
[12:47:21.851 I] Adding BSA archive /home/pluck/Documents/Morrowind/Morrowind/Data Files/Tribunal.bsa
[12:47:21.855 I] Adding BSA archive /home/pluck/Documents/Morrowind/Morrowind/Data Files/Bloodmoon.bsa
[12:47:21.860 I] Adding data directory /usr/local/share/openmw/resources/vfs
[12:47:21.860 I] Adding data directory /usr/local/share/openmw/data
[12:47:21.860 I] Adding data directory /home/pluck/Documents/Morrowind/Morrowind/Data Files
[12:47:21.979 I] Loading keybindings file: /home/pluck/.config/openmw/input_v3.xml
[12:47:22.304 I] Initializing OpenAL...
[12:47:22.309 I] Opened "SndIO Default"
[12:47:22.309 I]   ALC Version: 1.1
[12:47:22.309 I]   ALC Extensions: ALC_ENUMERATE_ALL_EXT ALC_ENUMERATION_EXT ALC_EXT_CAPTURE ALC_EXT_DEDICATED ALC_EXT_disconnect ALC_EXT_EFX ALC_EXT_thread_local_context ALC_SOFT_device_clock ALC_SOFT_HRTF ALC_SOFT_loopback ALC_SOFT_loopback_bformat ALC_SOFT_output_limiter ALC_SOFT_output_mode ALC_SOFT_pause_device ALC_SOFT_reopen_device
[12:47:22.314 I]   Vendor: OpenAL Community
[12:47:22.314 I]   Renderer: OpenAL Soft
[12:47:22.314 I]   Version: 1.1 ALSOFT 1.23.1
[12:47:22.314 I]   Extensions: AL_EXT_ALAW AL_EXT_BFORMAT AL_EXT_DOUBLE AL_EXT_EXPONENT_DISTANCE AL_EXT_FLOAT32 AL_EXT_IMA4 AL_EXT_LINEAR_DISTANCE AL_EXT_MCFORMATS AL_EXT_MULAW AL_EXT_MULAW_BFORMAT AL_EXT_MULAW_MCFORMATS AL_EXT_OFFSET AL_EXT_source_distance_model AL_EXT_SOURCE_RADIUS AL_EXT_STATIC_BUFFER AL_EXT_STEREO_ANGLES AL_LOKI_quadriphonic AL_SOFT_bformat_ex AL_SOFTX_bformat_hoa AL_SOFT_block_alignment AL_SOFT_buffer_length_query AL_SOFT_callback_buffer AL_SOFTX_convolution_reverb AL_SOFT_deferred_updates AL_SOFT_direct_channels AL_SOFT_direct_channels_remix AL_SOFT_effect_target AL_SOFT_events AL_SOFT_gain_clamp_ex AL_SOFTX_hold_on_disconnect AL_SOFT_loop_points AL_SOFTX_map_buffer AL_SOFT_MSADPCM AL_SOFT_source_latency AL_SOFT_source_length AL_SOFT_source_resampler AL_SOFT_source_spatialize AL_SOFT_source_start_delay AL_SOFT_UHJ AL_SOFT_UHJ_ex
[12:47:22.315 I] HRTF disabled
[12:47:22.315 I] Allocated 256 sound sources
[12:47:22.315 I] Low-pass filter supported
[12:47:22.316 I] EAX Reverb supported
[12:47:22.316 I] Enumerated output devices:
[12:47:22.316 I]   SndIO Default
[12:47:22.318 I] Enumerated HRTF names:
[12:47:22.318 I]   Default HRTF  Built-In HRTF
[12:47:25.051 I] Loading content file Morrowind.esm
[12:47:26.320 I] Loading content file Tribunal.esm
[12:47:26.593 I] Loading content file Bloodmoon.esm
[12:47:27.380 W] Idle thread priority is not supported on this system
[12:47:28.114 I] Playing music/special/morrowind title.mp3
[12:47:28.140 I] Quitting peacefully.
